
WEC-Sim Read Input File ...   
Elapsed time is 0.203071 seconds.

WEC-Sim Pre-processing ...   
Elapsed time is 0.176843 seconds.

WEC-Sim Simulation Settings:
	Start Time                     (sec) = 0
	End Time                       (sec) = 400
	Time Step Size                 (sec) = 0.01
	Ramp Function Time             (sec) = 100
	Total Number of Time Steps           = 40000 

Wave Environment: 
	Wave Type                            = Regular Waves (Constant Hydrodynamic Coefficients)
	Wave Height, H (m)                   = 3
	Wave Period, T (sec)                 = 10

List of Body: Number of Bodies = 1 

	***** Body Number 1, Name: body1 *****
	Body CG                          (m) = [0.168,-0.002,0.013]
	Body Mass                       (kg) = 155.328 
	Body Diagonal MOI              (kgm2)= [52.0268,108.905,72.4829]

List of PTO(s): Number of PTOs = 1 

	***** PTO Name: PTO1 *****
	PTO Stiffness           (N/m;Nm/rad) = 10
	PTO Damping           (Ns/m;Nsm/rad) = 1

List of Constraint(s): Number of Constraints = 1 

	***** Constraint Name: Constraint1 *****


Simulating the WEC device defined in the SimMechanics model C:\Users\agemt\WaVe\WaVe\Pend_test.slx...   
Elapsed time is 12.612578 seconds.

Post-processing and saving...   
Elapsed time is 45.828774 seconds.
